<?xml version="1.0" encoding="UTF-8"?>
<!-- Generated by org.testng.reporters.JUnitReportReporter -->
<testsuite hostname="DESKTOP-UT07LV4" failures="0" tests="2" name="TheZebra.Verifications" time="2.714" errors="0" timestamp="18 Oct 2020 17:17:49 GMT">
  <testcase classname="TheZebra.Verifications" name="homePageNavigation" time="2.414"/>
  <testcase classname="TheZebra.Verifications" name="homePageNavigation" time="0.300"/>
</testsuite> <!-- TheZebra.Verifications -->
