<?xml version="1.0" encoding="UTF-8"?>
<!-- Generated by org.testng.reporters.JUnitReportReporter -->
<testsuite hostname="DESKTOP-UT07LV4" failures="0" tests="4" name="TheZebra.UserFlow" time="31.977" errors="0" timestamp="18 Oct 2020 20:07:57 GMT">
  <testcase classname="TheZebra.UserFlow" name="landingPage" time="1.244"/>
  <testcase classname="TheZebra.UserFlow" name="vehiclesPage" time="10.790"/>
  <testcase classname="TheZebra.UserFlow" name="driversPage" time="12.910"/>
  <testcase classname="TheZebra.UserFlow" name="startPage" time="7.033"/>
</testsuite> <!-- TheZebra.UserFlow -->
